2017-09-17 20:22:18,902  - Loading graph...
2017-09-17 20:22:18,903  - Graph loaded.
2017-09-17 20:22:18,903  - Converting graph to dict...
2017-09-17 20:22:18,903 Graph converted.
2017-09-17 20:22:18,903 Graph - Number of vertices: 68
2017-09-17 20:22:18,903 Graph - Number of edges: 155
2017-09-17 20:22:18,936 BFS vertex 1. Time: 0.000658988952637s
2017-09-17 20:22:18,937 BFS vertex 2. Time: 0.000403881072998s
2017-09-17 20:22:18,937 BFS vertex 3. Time: 0.000298976898193s
2017-09-17 20:22:18,937 BFS vertex 35. Time: 0.000706911087036s
2017-09-17 20:22:18,938 BFS vertex 4. Time: 0.000297069549561s
2017-09-17 20:22:18,937 BFS vertex 18. Time: 0.00090217590332s
2017-09-17 20:22:18,938 BFS vertex 52. Time: 0.000629186630249s
2017-09-17 20:22:18,938 BFS vertex 5. Time: 0.000296831130981s
2017-09-17 20:22:18,938 BFS vertex 36. Time: 0.000380992889404s
2017-09-17 20:22:18,938 BFS vertex 19. Time: 0.000571012496948s
2017-09-17 20:22:18,938 BFS vertex 53. Time: 0.000449895858765s
2017-09-17 20:22:18,939 BFS vertex 6. Time: 0.000389814376831s
2017-09-17 20:22:18,939 BFS vertex 37. Time: 0.000334024429321s
2017-09-17 20:22:18,939 BFS vertex 20. Time: 0.000216007232666s
2017-09-17 20:22:18,939 BFS vertex 54. Time: 0.00029993057251s
2017-09-17 20:22:18,939 BFS vertex 7. Time: 0.000303983688354s
2017-09-17 20:22:18,939 BFS vertex 38. Time: 0.000262022018433s
2017-09-17 20:22:18,939 BFS vertex 55. Time: 0.000289916992188s
2017-09-17 20:22:18,939 BFS vertex 21. Time: 0.000450134277344s
2017-09-17 20:22:18,939 BFS vertex 8. Time: 0.000283002853394s
2017-09-17 20:22:18,939 BFS vertex 39. Time: 0.000285148620605s
2017-09-17 20:22:18,940 BFS vertex 56. Time: 0.00028395652771s
2017-09-17 20:22:18,940 BFS vertex 9. Time: 0.000286102294922s
2017-09-17 20:22:18,940 BFS vertex 40. Time: 0.000323057174683s
2017-09-17 20:22:18,940 BFS vertex 22. Time: 0.000402212142944s
2017-09-17 20:22:18,940 BFS vertex 57. Time: 0.000289916992188s
2017-09-17 20:22:18,940 BFS vertex 10. Time: 0.000298023223877s
2017-09-17 20:22:18,940 BFS vertex 41. Time: 0.00028395652771s
2017-09-17 20:22:18,940 BFS vertex 23. Time: 0.000481843948364s
2017-09-17 20:22:18,941 BFS vertex 58. Time: 0.000339031219482s
2017-09-17 20:22:18,941 BFS vertex 11. Time: 0.000267028808594s
2017-09-17 20:22:18,941 BFS vertex 42. Time: 0.000282049179077s
2017-09-17 20:22:18,941 BFS vertex 59. Time: 0.000272035598755s
2017-09-17 20:22:18,941 BFS vertex 12. Time: 0.000277042388916s
2017-09-17 20:22:18,941 BFS vertex 43. Time: 0.000326871871948s
2017-09-17 20:22:18,941 BFS vertex 24. Time: 0.000483989715576s
2017-09-17 20:22:18,941 BFS vertex 60. Time: 0.000288009643555s
2017-09-17 20:22:18,941 BFS vertex 13. Time: 0.000286817550659s
2017-09-17 20:22:18,941 BFS vertex 44. Time: 0.000282049179077s
2017-09-17 20:22:18,942 BFS vertex 14. Time: 0.000258922576904s
2017-09-17 20:22:18,942 BFS vertex 61. Time: 0.000315189361572s
2017-09-17 20:22:18,942 BFS vertex 25. Time: 0.000439167022705s
2017-09-17 20:22:18,942 BFS vertex 45. Time: 0.000280141830444s
2017-09-17 20:22:18,942 BFS vertex 62. Time: 0.000279188156128s
2017-09-17 20:22:18,942 BFS vertex 15. Time: 0.000303983688354s
2017-09-17 20:22:18,942 BFS vertex 46. Time: 0.00032901763916s
2017-09-17 20:22:18,942 BFS vertex 26. Time: 0.000434160232544s
2017-09-17 20:22:18,942 BFS vertex 63. Time: 0.00026798248291s
2017-09-17 20:22:18,943 BFS vertex 16. Time: 0.00031304359436s
2017-09-17 20:22:18,943 BFS vertex 47. Time: 0.000341892242432s
2017-09-17 20:22:18,943 BFS vertex 27. Time: 0.000345945358276s
2017-09-17 20:22:18,943 BFS vertex 17. Time: 0.000288963317871s
2017-09-17 20:22:18,943 BFS vertex 64. Time: 0.000330924987793s
2017-09-17 20:22:18,943 BFS vertex 48. Time: 0.000277996063232s
2017-09-17 20:22:18,943 BFS vertex 28. Time: 0.000321865081787s
2017-09-17 20:22:18,943 BFS vertex 65. Time: 0.000278949737549s
2017-09-17 20:22:18,943 BFS vertex 49. Time: 0.000255107879639s
2017-09-17 20:22:18,944 BFS vertex 29. Time: 0.000319004058838s
2017-09-17 20:22:18,944 BFS vertex 66. Time: 0.000300884246826s
2017-09-17 20:22:18,944 BFS vertex 50. Time: 0.000280141830444s
2017-09-17 20:22:18,944 BFS vertex 67. Time: 0.000279188156128s
2017-09-17 20:22:18,944 BFS vertex 30. Time: 0.00042200088501s
2017-09-17 20:22:18,944 BFS vertex 51. Time: 0.000305891036987s
2017-09-17 20:22:18,945 BFS vertex 68. Time: 0.000371932983398s
2017-09-17 20:22:18,945 BFS vertex 31. Time: 0.000335931777954s
2017-09-17 20:22:18,945 BFS vertex 32. Time: 0.000314950942993s
2017-09-17 20:22:18,946 BFS vertex 33. Time: 0.000319957733154s
2017-09-17 20:22:18,946 BFS vertex 34. Time: 0.000375032424927s
2017-09-17 20:22:18,958 Saving degreeList on disk...
2017-09-17 20:22:18,958 Saving variable on disk...
2017-09-17 20:22:18,963 Variable saved. Time: 8.0935160319e-05m
2017-09-17 20:22:18,963 Execution time - BFS: 0.000715498129527m
2017-09-17 20:22:18,972 Using compactDegree: False
2017-09-17 20:22:18,973 Recovering compactDegreeList from disk...
2017-09-17 20:22:18,973 Recovering variable...
2017-09-17 20:22:18,978 Variable recovered. Time: 8.32001368205e-05m
2017-09-17 20:22:18,979 Executing part 1...
2017-09-17 20:22:18,991 Executing part 2...
2017-09-17 20:22:18,991 Executing part 3...
2017-09-17 20:22:18,995 Executing part 4...
2017-09-17 20:22:18,998 Receiving results...
2017-09-17 20:22:19,184 Consolidating distances...
2017-09-17 20:22:19,185 Distances consolidated.
2017-09-17 20:22:19,185 Saving variable on disk...
2017-09-17 20:22:19,185 Variable saved. Time: 6.31809234619e-06m
2017-09-17 20:22:19,186 Part 1 Completed.
2017-09-17 20:22:19,591 Consolidating distances...
2017-09-17 20:22:19,592 Distances consolidated.
2017-09-17 20:22:19,592 Saving variable on disk...
2017-09-17 20:22:19,593 Variable saved. Time: 1.58508618673e-05m
2017-09-17 20:22:19,594 Part 2 Completed.
2017-09-17 20:22:19,994 Consolidating distances...
2017-09-17 20:22:19,996 Distances consolidated.
2017-09-17 20:22:19,996 Saving variable on disk...
2017-09-17 20:22:19,998 Variable saved. Time: 2.42471694946e-05m
2017-09-17 20:22:19,999 Part 3 Completed.
2017-09-17 20:22:20,428 Consolidating distances...
2017-09-17 20:22:20,432 Distances consolidated.
2017-09-17 20:22:20,432 Saving variable on disk...
2017-09-17 20:22:20,434 Variable saved. Time: 3.60647837321e-05m
2017-09-17 20:22:20,436 Part 4 Completed.
2017-09-17 20:22:20,444 Distances calculated.
2017-09-17 20:22:20,444 Time : 0.0244212667147m
2017-09-17 20:22:20,451 Creating distance network...
2017-09-17 20:22:20,465 Executing part 1...
2017-09-17 20:22:20,465 Recovering variable...
2017-09-17 20:22:20,467 Variable recovered. Time: 1.90695126851e-05m
2017-09-17 20:22:20,468 Part 1 executed.
2017-09-17 20:22:20,468 Executing part 2...
2017-09-17 20:22:20,468 Recovering variable...
2017-09-17 20:22:20,471 Variable recovered. Time: 4.98652458191e-05m
2017-09-17 20:22:20,473 Part 2 executed.
2017-09-17 20:22:20,474 Executing part 3...
2017-09-17 20:22:20,474 Recovering variable...
2017-09-17 20:22:20,478 Variable recovered. Time: 7.52846399943e-05m
2017-09-17 20:22:20,512 Part 3 executed.
2017-09-17 20:22:20,512 Executing part 4...
2017-09-17 20:22:20,513 Recovering variable...
2017-09-17 20:22:20,518 Variable recovered. Time: 8.36809476217e-05m
2017-09-17 20:22:20,522 Part 4 executed.
2017-09-17 20:22:20,522 Saving variable on disk...
2017-09-17 20:22:20,523 Variable saved. Time: 2.23318735758e-05m
2017-09-17 20:22:20,524 Saving variable on disk...
2017-09-17 20:22:20,525 Variable saved. Time: 2.02178955078e-05m
2017-09-17 20:22:20,525 Saving variable on disk...
2017-09-17 20:22:20,526 Variable saved. Time: 2.03013420105e-05m
2017-09-17 20:22:20,526 Saving variable on disk...
2017-09-17 20:22:20,528 Variable saved. Time: 2.02337900798e-05m
2017-09-17 20:22:20,528 Saving variable on disk...
2017-09-17 20:22:20,529 Variable saved. Time: 2.02536582947e-05m
2017-09-17 20:22:20,529 Saving variable on disk...
2017-09-17 20:22:20,530 Variable saved. Time: 1.94152196248e-05m
2017-09-17 20:22:20,531 Saving variable on disk...
2017-09-17 20:22:20,531 Variable saved. Time: 5.41607538859e-06m
2017-09-17 20:22:20,531 Saving variable on disk...
2017-09-17 20:22:20,531 Variable saved. Time: 1.8835067749e-06m
2017-09-17 20:22:20,541 - Time - part 1: 0.0896589756012s
2017-09-17 20:22:20,551 Executing part 1...
2017-09-17 20:22:20,551 Recovering variable...
2017-09-17 20:22:20,552 Variable recovered. Time: 1.29183133443e-05m
2017-09-17 20:22:20,553 Part 1 executed.
2017-09-17 20:22:20,553 Executing part 2...
2017-09-17 20:22:20,553 Recovering variable...
2017-09-17 20:22:20,556 Variable recovered. Time: 3.67999076843e-05m
2017-09-17 20:22:20,559 Part 2 executed.
2017-09-17 20:22:20,559 Executing part 3...
2017-09-17 20:22:20,559 Recovering variable...
2017-09-17 20:22:20,564 Variable recovered. Time: 7.50144322713e-05m
2017-09-17 20:22:20,567 Part 3 executed.
2017-09-17 20:22:20,568 Executing part 4...
2017-09-17 20:22:20,568 Recovering variable...
2017-09-17 20:22:20,572 Variable recovered. Time: 6.65148099264e-05m
2017-09-17 20:22:20,576 Part 4 executed.
2017-09-17 20:22:20,577 Saving variable on disk...
2017-09-17 20:22:20,577 Variable saved. Time: 8.51551691691e-06m
2017-09-17 20:22:20,577 Saving variable on disk...
2017-09-17 20:22:20,578 Variable saved. Time: 7.96715418498e-06m
2017-09-17 20:22:20,578 Saving variable on disk...
2017-09-17 20:22:20,578 Variable saved. Time: 7.9353650411e-06m
2017-09-17 20:22:20,579 Saving variable on disk...
2017-09-17 20:22:20,579 Variable saved. Time: 7.78039296468e-06m
2017-09-17 20:22:20,579 Saving variable on disk...
2017-09-17 20:22:20,580 Variable saved. Time: 7.80026117961e-06m
2017-09-17 20:22:20,580 Saving variable on disk...
2017-09-17 20:22:20,580 Variable saved. Time: 7.43468602498e-06m
2017-09-17 20:22:20,580 Saving variable on disk...
2017-09-17 20:22:20,581 Variable saved. Time: 2.63055165609e-06m
2017-09-17 20:22:20,581 Saving variable on disk...
2017-09-17 20:22:20,581 Variable saved. Time: 1.20004018148e-06m
2017-09-17 20:22:20,585 - Time - part 2: 0.0441510677338s
2017-09-17 20:22:20,586 distance network created.
2017-09-17 20:22:20,586 Transforming distances into weights...
2017-09-17 20:22:20,603 Recovering variable...
2017-09-17 20:22:20,604 Variable recovered. Time: 1.20838483175e-05m
2017-09-17 20:22:20,604 Recovering variable...
2017-09-17 20:22:20,606 Variable recovered. Time: 2.95837720235e-05m
2017-09-17 20:22:20,606 Executing layer 0...
2017-09-17 20:22:20,630 Saving variable on disk...
2017-09-17 20:22:20,652 Variable saved. Time: 0.000366683801015m
2017-09-17 20:22:20,652 Saving variable on disk...
2017-09-17 20:22:20,653 Variable saved. Time: 9.29832458496e-06m
2017-09-17 20:22:20,653 Saving variable on disk...
2017-09-17 20:22:20,653 Variable saved. Time: 8.74996185303e-06m
2017-09-17 20:22:20,654 Layer 0 executed.
2017-09-17 20:22:20,654 Recovering variable...
2017-09-17 20:22:20,654 Variable recovered. Time: 1.13685925802e-05m
2017-09-17 20:22:20,654 Recovering variable...
2017-09-17 20:22:20,656 Variable recovered. Time: 2.21808751424e-05m
2017-09-17 20:22:20,656 Executing layer 1...
2017-09-17 20:22:20,679 Saving variable on disk...
2017-09-17 20:22:20,721 Variable saved. Time: 0.00069938103358m
2017-09-17 20:22:20,722 Saving variable on disk...
2017-09-17 20:22:20,722 Variable saved. Time: 1.00493431091e-05m
2017-09-17 20:22:20,722 Saving variable on disk...
2017-09-17 20:22:20,723 Variable saved. Time: 9.26653544108e-06m
2017-09-17 20:22:20,723 Layer 1 executed.
2017-09-17 20:22:20,723 Recovering variable...
2017-09-17 20:22:20,724 Variable recovered. Time: 1.13487243652e-05m
2017-09-17 20:22:20,724 Recovering variable...
2017-09-17 20:22:20,725 Variable recovered. Time: 2.16166178385e-05m
2017-09-17 20:22:20,725 Executing layer 2...
2017-09-17 20:22:20,749 Saving variable on disk...
2017-09-17 20:22:20,770 Variable saved. Time: 0.000359380245209m
2017-09-17 20:22:20,771 Saving variable on disk...
2017-09-17 20:22:20,771 Variable saved. Time: 9.24666722616e-06m
2017-09-17 20:22:20,771 Saving variable on disk...
2017-09-17 20:22:20,772 Variable saved. Time: 8.98440678914e-06m
2017-09-17 20:22:20,772 Layer 2 executed.
2017-09-17 20:22:20,772 Recovering variable...
2017-09-17 20:22:20,773 Variable recovered. Time: 1.14798545837e-05m
2017-09-17 20:22:20,773 Recovering variable...
2017-09-17 20:22:20,774 Variable recovered. Time: 2.16007232666e-05m
2017-09-17 20:22:20,774 Executing layer 3...
2017-09-17 20:22:20,798 Saving variable on disk...
2017-09-17 20:22:20,819 Variable saved. Time: 0.000360782941182m
2017-09-17 20:22:20,819 Saving variable on disk...
2017-09-17 20:22:20,820 Variable saved. Time: 9.21487808228e-06m
2017-09-17 20:22:20,820 Saving variable on disk...
2017-09-17 20:22:20,821 Variable saved. Time: 8.93274943034e-06m
2017-09-17 20:22:20,821 Layer 3 executed.
2017-09-17 20:22:20,821 Recovering variable...
2017-09-17 20:22:20,822 Variable recovered. Time: 1.12811724345e-05m
2017-09-17 20:22:20,822 Recovering variable...
2017-09-17 20:22:20,823 Variable recovered. Time: 2.13662783305e-05m
2017-09-17 20:22:20,823 Executing layer 4...
2017-09-17 20:22:20,846 Saving variable on disk...
2017-09-17 20:22:20,868 Variable saved. Time: 0.000358430544535m
2017-09-17 20:22:20,868 Saving variable on disk...
2017-09-17 20:22:20,869 Variable saved. Time: 9.11553700765e-06m
2017-09-17 20:22:20,869 Saving variable on disk...
2017-09-17 20:22:20,869 Variable saved. Time: 8.96453857422e-06m
2017-09-17 20:22:20,869 Layer 4 executed.
2017-09-17 20:22:20,869 Recovering variable...
2017-09-17 20:22:20,870 Variable recovered. Time: 1.06493631999e-05m
2017-09-17 20:22:20,870 Recovering variable...
2017-09-17 20:22:20,871 Variable recovered. Time: 1.98841094971e-05m
2017-09-17 20:22:20,872 Executing layer 5...
2017-09-17 20:22:20,894 Saving variable on disk...
2017-09-17 20:22:20,914 Variable saved. Time: 0.00034746726354m
2017-09-17 20:22:20,915 Saving variable on disk...
2017-09-17 20:22:20,915 Variable saved. Time: 8.84930292765e-06m
2017-09-17 20:22:20,915 Saving variable on disk...
2017-09-17 20:22:20,916 Variable saved. Time: 8.6506207784e-06m
2017-09-17 20:22:20,916 Layer 5 executed.
2017-09-17 20:22:20,916 Recovering variable...
2017-09-17 20:22:20,916 Variable recovered. Time: 3.49680582682e-06m
2017-09-17 20:22:20,916 Recovering variable...
2017-09-17 20:22:20,917 Variable recovered. Time: 5.61475753784e-06m
2017-09-17 20:22:20,917 Executing layer 6...
2017-09-17 20:22:20,923 Saving variable on disk...
2017-09-17 20:22:20,928 Variable saved. Time: 8.66532325745e-05m
2017-09-17 20:22:20,928 Saving variable on disk...
2017-09-17 20:22:20,929 Variable saved. Time: 4.66903050741e-06m
2017-09-17 20:22:20,929 Saving variable on disk...
2017-09-17 20:22:20,929 Variable saved. Time: 4.76439793905e-06m
2017-09-17 20:22:20,929 Layer 6 executed.
2017-09-17 20:22:20,929 Recovering variable...
2017-09-17 20:22:20,929 Variable recovered. Time: 1.31527582804e-06m
2017-09-17 20:22:20,930 Recovering variable...
2017-09-17 20:22:20,930 Variable recovered. Time: 1.56958897909e-06m
2017-09-17 20:22:20,930 Executing layer 7...
2017-09-17 20:22:20,931 Saving variable on disk...
2017-09-17 20:22:20,933 Variable saved. Time: 1.94311141968e-05m
2017-09-17 20:22:20,933 Saving variable on disk...
2017-09-17 20:22:20,933 Variable saved. Time: 2.64644622803e-06m
2017-09-17 20:22:20,933 Saving variable on disk...
2017-09-17 20:22:20,933 Variable saved. Time: 2.53518422445e-06m
2017-09-17 20:22:20,933 Layer 7 executed.
2017-09-17 20:22:20,933 Weights created.
2017-09-17 20:22:20,942 - Time - part 3: 0.356416940689s
2017-09-17 20:22:20,949 Consolidating graphs...
2017-09-17 20:22:20,949 Executing layer 0...
2017-09-17 20:22:20,950 Recovering variable...
2017-09-17 20:22:20,950 Variable recovered. Time: 1.42494837443e-05m
2017-09-17 20:22:20,951 Layer 0 executed.
2017-09-17 20:22:20,951 Executing layer 1...
2017-09-17 20:22:20,951 Recovering variable...
2017-09-17 20:22:20,952 Variable recovered. Time: 1.95662180583e-05m
2017-09-17 20:22:20,952 Layer 1 executed.
2017-09-17 20:22:20,952 Executing layer 2...
2017-09-17 20:22:20,952 Recovering variable...
2017-09-17 20:22:20,954 Variable recovered. Time: 1.93317731222e-05m
2017-09-17 20:22:20,954 Layer 2 executed.
2017-09-17 20:22:20,954 Executing layer 3...
2017-09-17 20:22:20,954 Recovering variable...
2017-09-17 20:22:20,955 Variable recovered. Time: 1.92324320475e-05m
2017-09-17 20:22:20,955 Layer 3 executed.
2017-09-17 20:22:20,956 Executing layer 4...
2017-09-17 20:22:20,956 Recovering variable...
2017-09-17 20:22:20,957 Variable recovered. Time: 2.69015630086e-05m
2017-09-17 20:22:20,957 Layer 4 executed.
2017-09-17 20:22:20,958 Executing layer 5...
2017-09-17 20:22:20,958 Recovering variable...
2017-09-17 20:22:20,959 Variable recovered. Time: 1.83979670207e-05m
2017-09-17 20:22:20,959 Layer 5 executed.
2017-09-17 20:22:20,959 Executing layer 6...
2017-09-17 20:22:20,959 Recovering variable...
2017-09-17 20:22:20,960 Variable recovered. Time: 8.05060068766e-06m
2017-09-17 20:22:20,960 Layer 6 executed.
2017-09-17 20:22:20,960 Executing layer 7...
2017-09-17 20:22:20,960 Recovering variable...
2017-09-17 20:22:20,960 Variable recovered. Time: 2.93652216593e-06m
2017-09-17 20:22:20,960 Layer 7 executed.
2017-09-17 20:22:20,961 Saving distancesNets on disk...
2017-09-17 20:22:20,961 Saving variable on disk...
2017-09-17 20:22:20,965 Variable saved. Time: 6.58671061198e-05m
2017-09-17 20:22:20,965 Graphs consolidated.
2017-09-17 20:22:20,970 - Time - part 4: 0.0269241333008s
2017-09-17 20:22:20,975 Executing layer 0...
2017-09-17 20:22:20,976 Recovering variable...
2017-09-17 20:22:20,977 Variable recovered. Time: 1.44481658936e-05m
2017-09-17 20:22:20,977 Layer 0 executed.
2017-09-17 20:22:20,977 Executing layer 1...
2017-09-17 20:22:20,977 Recovering variable...
2017-09-17 20:22:20,978 Variable recovered. Time: 1.05698903402e-05m
2017-09-17 20:22:20,978 Layer 1 executed.
2017-09-17 20:22:20,978 Executing layer 2...
2017-09-17 20:22:20,978 Recovering variable...
2017-09-17 20:22:20,979 Variable recovered. Time: 1.29699707031e-05m
2017-09-17 20:22:20,979 Layer 2 executed.
2017-09-17 20:22:20,980 Executing layer 3...
2017-09-17 20:22:20,980 Recovering variable...
2017-09-17 20:22:20,981 Variable recovered. Time: 1.33991241455e-05m
2017-09-17 20:22:20,981 Layer 3 executed.
2017-09-17 20:22:20,981 Executing layer 4...
2017-09-17 20:22:20,981 Recovering variable...
2017-09-17 20:22:20,982 Variable recovered. Time: 1.28666559855e-05m
2017-09-17 20:22:20,982 Layer 4 executed.
2017-09-17 20:22:20,982 Executing layer 5...
2017-09-17 20:22:20,982 Recovering variable...
2017-09-17 20:22:20,983 Variable recovered. Time: 9.19898351034e-06m
2017-09-17 20:22:20,983 Layer 5 executed.
2017-09-17 20:22:20,983 Executing layer 6...
2017-09-17 20:22:20,983 Recovering variable...
2017-09-17 20:22:20,984 Variable recovered. Time: 7.13268915812e-06m
2017-09-17 20:22:20,984 Layer 6 executed.
2017-09-17 20:22:20,984 Executing layer 7...
2017-09-17 20:22:20,984 Recovering variable...
2017-09-17 20:22:20,985 Variable recovered. Time: 3.51667404175e-06m
2017-09-17 20:22:20,985 Layer 7 executed.
2017-09-17 20:22:20,985 Saving nets_weights_alias_method_j on disk...
2017-09-17 20:22:20,985 Saving variable on disk...
2017-09-17 20:22:20,991 Variable saved. Time: 9.90311304728e-05m
2017-09-17 20:22:20,996 - Time - part 5: 0.0254600048065s
2017-09-17 20:22:21,001 Executing layer 0...
2017-09-17 20:22:21,001 Recovering variable...
2017-09-17 20:22:21,002 Variable recovered. Time: 1.22348467509e-05m
2017-09-17 20:22:21,002 Layer 0 executed.
2017-09-17 20:22:21,002 Executing layer 1...
2017-09-17 20:22:21,002 Recovering variable...
2017-09-17 20:22:21,003 Variable recovered. Time: 8.9168548584e-06m
2017-09-17 20:22:21,003 Layer 1 executed.
2017-09-17 20:22:21,003 Executing layer 2...
2017-09-17 20:22:21,003 Recovering variable...
2017-09-17 20:22:21,004 Variable recovered. Time: 9.19898351034e-06m
2017-09-17 20:22:21,004 Layer 2 executed.
2017-09-17 20:22:21,004 Executing layer 3...
2017-09-17 20:22:21,004 Recovering variable...
2017-09-17 20:22:21,005 Variable recovered. Time: 8.9168548584e-06m
2017-09-17 20:22:21,005 Layer 3 executed.
2017-09-17 20:22:21,005 Executing layer 4...
2017-09-17 20:22:21,005 Recovering variable...
2017-09-17 20:22:21,006 Variable recovered. Time: 8.68240992228e-06m
2017-09-17 20:22:21,006 Layer 4 executed.
2017-09-17 20:22:21,006 Executing layer 5...
2017-09-17 20:22:21,006 Recovering variable...
2017-09-17 20:22:21,007 Variable recovered. Time: 8.5194905599e-06m
2017-09-17 20:22:21,007 Layer 5 executed.
2017-09-17 20:22:21,007 Executing layer 6...
2017-09-17 20:22:21,007 Recovering variable...
2017-09-17 20:22:21,007 Variable recovered. Time: 5.55117925008e-06m
2017-09-17 20:22:21,007 Layer 6 executed.
2017-09-17 20:22:21,007 Executing layer 7...
2017-09-17 20:22:21,008 Recovering variable...
2017-09-17 20:22:21,008 Variable recovered. Time: 2.88089116414e-06m
2017-09-17 20:22:21,008 Layer 7 executed.
2017-09-17 20:22:21,008 Saving nets_weights_alias_method_q on disk...
2017-09-17 20:22:21,008 Saving variable on disk...
2017-09-17 20:22:21,015 Variable saved. Time: 0.000106565157572m
2017-09-17 20:22:21,019 - Time - part 6: 0.0231418609619s
2017-09-17 20:22:21,030 Loading distances_nets from disk...
2017-09-17 20:22:21,030 Executing layer 0...
2017-09-17 20:22:21,031 Recovering variable...
2017-09-17 20:22:21,036 Variable recovered. Time: 9.48985417684e-05m
2017-09-17 20:22:21,038 Layer 0 executed.
2017-09-17 20:22:21,038 Executing layer 1...
2017-09-17 20:22:21,038 Recovering variable...
2017-09-17 20:22:21,043 Variable recovered. Time: 6.95665677389e-05m
2017-09-17 20:22:21,044 Layer 1 executed.
2017-09-17 20:22:21,044 Executing layer 2...
2017-09-17 20:22:21,044 Recovering variable...
2017-09-17 20:22:21,048 Variable recovered. Time: 6.68525695801e-05m
2017-09-17 20:22:21,050 Layer 2 executed.
2017-09-17 20:22:21,050 Executing layer 3...
2017-09-17 20:22:21,050 Recovering variable...
2017-09-17 20:22:21,054 Variable recovered. Time: 6.66340192159e-05m
2017-09-17 20:22:21,055 Layer 3 executed.
2017-09-17 20:22:21,055 Executing layer 4...
2017-09-17 20:22:21,055 Recovering variable...
2017-09-17 20:22:21,059 Variable recovered. Time: 6.64671262105e-05m
2017-09-17 20:22:21,061 Layer 4 executed.
2017-09-17 20:22:21,061 Executing layer 5...
2017-09-17 20:22:21,061 Recovering variable...
2017-09-17 20:22:21,065 Variable recovered. Time: 6.22510910034e-05m
2017-09-17 20:22:21,066 Layer 5 executed.
2017-09-17 20:22:21,066 Executing layer 6...
2017-09-17 20:22:21,066 Recovering variable...
2017-09-17 20:22:21,067 Variable recovered. Time: 1.94311141968e-05m
2017-09-17 20:22:21,068 Layer 6 executed.
2017-09-17 20:22:21,068 Executing layer 7...
2017-09-17 20:22:21,068 Recovering variable...
2017-09-17 20:22:21,068 Variable recovered. Time: 5.30083974202e-06m
2017-09-17 20:22:21,069 Layer 7 executed.
2017-09-17 20:22:21,069 Saving average_weights on disk...
2017-09-17 20:22:21,069 Saving variable on disk...
2017-09-17 20:22:21,069 Variable saved. Time: 3.43322753906e-06m
2017-09-17 20:22:21,069 Executing layer 0...
2017-09-17 20:22:21,069 Recovering variable...
2017-09-17 20:22:21,073 Variable recovered. Time: 6.61810239156e-05m
2017-09-17 20:22:21,074 Layer 0 executed.
2017-09-17 20:22:21,074 Executing layer 1...
2017-09-17 20:22:21,074 Recovering variable...
2017-09-17 20:22:21,078 Variable recovered. Time: 6.63201014201e-05m
2017-09-17 20:22:21,078 Layer 1 executed.
2017-09-17 20:22:21,079 Executing layer 2...
2017-09-17 20:22:21,079 Recovering variable...
2017-09-17 20:22:21,083 Variable recovered. Time: 6.6351890564e-05m
2017-09-17 20:22:21,083 Layer 2 executed.
2017-09-17 20:22:21,083 Executing layer 3...
2017-09-17 20:22:21,083 Recovering variable...
2017-09-17 20:22:21,087 Variable recovered. Time: 6.60498936971e-05m
2017-09-17 20:22:21,088 Layer 3 executed.
2017-09-17 20:22:21,088 Executing layer 4...
2017-09-17 20:22:21,088 Recovering variable...
2017-09-17 20:22:21,092 Variable recovered. Time: 6.63002332052e-05m
2017-09-17 20:22:21,093 Layer 4 executed.
2017-09-17 20:22:21,093 Executing layer 5...
2017-09-17 20:22:21,093 Recovering variable...
2017-09-17 20:22:21,097 Variable recovered. Time: 6.236632665e-05m
2017-09-17 20:22:21,097 Layer 5 executed.
2017-09-17 20:22:21,097 Executing layer 6...
2017-09-17 20:22:21,097 Recovering variable...
2017-09-17 20:22:21,098 Variable recovered. Time: 1.74164772034e-05m
2017-09-17 20:22:21,099 Layer 6 executed.
2017-09-17 20:22:21,099 Executing layer 7...
2017-09-17 20:22:21,099 Recovering variable...
2017-09-17 20:22:21,099 Variable recovered. Time: 4.24782435099e-06m
2017-09-17 20:22:21,099 Layer 7 executed.
2017-09-17 20:22:21,099 Saving amount_neighbours on disk...
2017-09-17 20:22:21,099 Saving variable on disk...
2017-09-17 20:22:21,100 Variable saved. Time: 2.38021214803e-06m
2017-09-17 20:22:21,107 Loading distances_nets on disk...
2017-09-17 20:22:21,108 Recovering variable...
2017-09-17 20:22:21,117 Variable recovered. Time: 0.000158099333445m
2017-09-17 20:22:21,118 Recovering variable...
2017-09-17 20:22:21,122 Variable recovered. Time: 7.43667284648e-05m
2017-09-17 20:22:21,122 Recovering variable...
2017-09-17 20:22:21,127 Variable recovered. Time: 6.85175259908e-05m
2017-09-17 20:22:21,127 Recovering variable...
2017-09-17 20:22:21,127 Variable recovered. Time: 5.21739323934e-06m
2017-09-17 20:22:21,127 Creating RWs...
2017-09-17 20:22:21,165 RW - vertex 52. Time : 0.00192308425903s
2017-09-17 20:22:21,167 RW - vertex 45. Time : 0.00175595283508s
2017-09-17 20:22:21,168 RW - vertex 20. Time : 0.00140810012817s
2017-09-17 20:22:21,170 RW - vertex 68. Time : 0.00150418281555s
2017-09-17 20:22:21,172 RW - vertex 40. Time : 0.00143814086914s
2017-09-17 20:22:21,172 RW - vertex 31. Time : 0.000946044921875s
2017-09-17 20:22:21,167 Receiving results...
2017-09-17 20:22:21,173 RW - vertex 4. Time : 0.000784873962402s
2017-09-17 20:22:21,173 RW - vertex 65. Time : 0.00144004821777s
2017-09-17 20:22:21,174 RW - vertex 44. Time : 0.00079083442688s
2017-09-17 20:22:21,174 RW - vertex 36. Time : 0.000777006149292s
2017-09-17 20:22:21,175 RW - vertex 47. Time : 0.00147294998169s
2017-09-17 20:22:21,175 RW - vertex 39. Time : 0.000754833221436s
2017-09-17 20:22:21,176 RW - vertex 34. Time : 0.000793933868408s
2017-09-17 20:22:21,176 RW - vertex 7. Time : 0.00135111808777s
2017-09-17 20:22:21,177 RW - vertex 54. Time : 0.000716209411621s
2017-09-17 20:22:21,178 RW - vertex 42. Time : 0.000736951828003s
2017-09-17 20:22:21,178 RW - vertex 67. Time : 0.00142693519592s
2017-09-17 20:22:21,178 RW - vertex 36. Time : 0.000923156738281s
2017-09-17 20:22:21,179 RW - vertex 37. Time : 0.000788927078247s
2017-09-17 20:22:21,179 RW - vertex 30. Time : 0.000813961029053s
2017-09-17 20:22:21,179 RW - vertex 44. Time : 0.00150489807129s
2017-09-17 20:22:21,179 RW - vertex 43. Time : 0.00084114074707s
2017-09-17 20:22:21,180 RW - vertex 59. Time : 0.000818014144897s
2017-09-17 20:22:21,180 RW - vertex 47. Time : 0.000786066055298s
2017-09-17 20:22:21,181 RW - vertex 2. Time : 0.00145792961121s
2017-09-17 20:22:21,181 RW - vertex 11. Time : 0.000828981399536s
2017-09-17 20:22:21,181 RW - vertex 10. Time : 0.000825881958008s
2017-09-17 20:22:21,182 RW - vertex 45. Time : 0.000765085220337s
2017-09-17 20:22:21,182 RW - vertex 5. Time : 0.000854015350342s
2017-09-17 20:22:21,182 RW - vertex 6. Time : 0.00131797790527s
2017-09-17 20:22:21,183 RW - vertex 57. Time : 0.000816106796265s
2017-09-17 20:22:21,183 RW - vertex 49. Time : 0.000821113586426s
2017-09-17 20:22:21,184 RW - vertex 49. Time : 0.00078296661377s
2017-09-17 20:22:21,184 RW - vertex 41. Time : 0.00139284133911s
2017-09-17 20:22:21,184 RW - vertex 61. Time : 0.00080394744873s
2017-09-17 20:22:21,184 RW - vertex 58. Time : 0.000774145126343s
2017-09-17 20:22:21,185 RW - vertex 45. Time : 0.000764131546021s
2017-09-17 20:22:21,185 RW - vertex 38. Time : 0.000771045684814s
2017-09-17 20:22:21,185 RW - vertex 5. Time : 0.00130295753479s
2017-09-17 20:22:21,186 RW - vertex 2. Time : 0.000779867172241s
2017-09-17 20:22:21,186 RW - vertex 65. Time : 0.000765800476074s
2017-09-17 20:22:21,186 RW - vertex 9. Time : 0.000817060470581s
2017-09-17 20:22:21,187 RW - vertex 39. Time : 0.00135612487793s
2017-09-17 20:22:21,187 RW - vertex 8. Time : 0.000808954238892s
2017-09-17 20:22:21,187 RW - vertex 46. Time : 0.000815153121948s
2017-09-17 20:22:21,188 RW - vertex 5. Time : 0.000797033309937s
2017-09-17 20:22:21,188 RW - vertex 36. Time : 0.00152897834778s
2017-09-17 20:22:21,188 RW - vertex 20. Time : 0.000734090805054s
2017-09-17 20:22:21,188 RW - vertex 13. Time : 0.0014488697052s
2017-09-17 20:22:21,189 RW - vertex 43. Time : 0.000760793685913s
2017-09-17 20:22:21,189 RW - vertex 26. Time : 0.000749111175537s
2017-09-17 20:22:21,189 RW - vertex 4. Time : 0.000688076019287s
2017-09-17 20:22:21,189 RW - vertex 30. Time : 0.00130701065063s
2017-09-17 20:22:21,190 RW - vertex 27. Time : 0.00128293037415s
2017-09-17 20:22:21,190 RW - vertex 22. Time : 0.000720977783203s
2017-09-17 20:22:21,190 RW - vertex 31. Time : 0.000775098800659s
2017-09-17 20:22:21,191 RW - vertex 16. Time : 0.000856876373291s
2017-09-17 20:22:21,191 RW - vertex 59. Time : 0.00135684013367s
2017-09-17 20:22:21,191 RW - vertex 2. Time : 0.000789880752563s
2017-09-17 20:22:21,191 RW - vertex 34. Time : 0.00123405456543s
2017-09-17 20:22:21,192 RW - vertex 52. Time : 0.000781059265137s
2017-09-17 20:22:21,192 RW - vertex 9. Time : 0.000815153121948s
2017-09-17 20:22:21,192 RW - vertex 11. Time : 0.00119495391846s
2017-09-17 20:22:21,192 RW - vertex 53. Time : 0.00114607810974s
2017-09-17 20:22:21,192 RW - vertex 19. Time : 0.000776052474976s
2017-09-17 20:22:21,193 RW - vertex 32. Time : 0.000770092010498s
2017-09-17 20:22:21,193 RW - vertex 55. Time : 0.000733137130737s
2017-09-17 20:22:21,193 RW - vertex 45. Time : 0.00116801261902s
2017-09-17 20:22:21,194 RW - vertex 50. Time : 0.00112295150757s
2017-09-17 20:22:21,194 RW - vertex 33. Time : 0.000767946243286s
2017-09-17 20:22:21,194 RW - vertex 51. Time : 0.000748157501221s
2017-09-17 20:22:21,194 RW - vertex 21. Time : 0.000779151916504s
2017-09-17 20:22:21,195 RW - vertex 57. Time : 0.00116300582886s
2017-09-17 20:22:21,195 RW - vertex 14. Time : 0.00116610527039s
2017-09-17 20:22:21,195 RW - vertex 23. Time : 0.000802993774414s
2017-09-17 20:22:21,195 RW - vertex 10. Time : 0.000766038894653s
2017-09-17 20:22:21,196 RW - vertex 18. Time : 0.00074291229248s
2017-09-17 20:22:21,196 RW - vertex 49. Time : 0.0011579990387s
2017-09-17 20:22:21,196 RW - vertex 43. Time : 0.0011510848999s
2017-09-17 20:22:21,196 RW - vertex 55. Time : 0.000763893127441s
2017-09-17 20:22:21,197 RW - vertex 68. Time : 0.00085186958313s
2017-09-17 20:22:21,197 RW - vertex 68. Time : 0.00081205368042s
2017-09-17 20:22:21,197 RW - vertex 58. Time : 0.00118398666382s
2017-09-17 20:22:21,197 RW - vertex 9. Time : 0.00129580497742s
2017-09-17 20:22:21,197 RW - vertex 24. Time : 0.000820159912109s
2017-09-17 20:22:21,198 RW - vertex 48. Time : 0.000796794891357s
2017-09-17 20:22:21,198 RW - vertex 3. Time : 0.000808000564575s
2017-09-17 20:22:21,199 RW - vertex 38. Time : 0.00122904777527s
2017-09-17 20:22:21,199 RW - vertex 31. Time : 0.00115299224854s
2017-09-17 20:22:21,199 RW - vertex 15. Time : 0.000818967819214s
2017-09-17 20:22:21,199 RW - vertex 13. Time : 0.000782012939453s
2017-09-17 20:22:21,200 RW - vertex 34. Time : 0.000800848007202s
2017-09-17 20:22:21,200 RW - vertex 65. Time : 0.0011248588562s
2017-09-17 20:22:21,200 RW - vertex 18. Time : 0.00106883049011s
2017-09-17 20:22:21,200 RW - vertex 12. Time : 0.000823020935059s
2017-09-17 20:22:21,200 RW - vertex 16. Time : 0.000752925872803s
2017-09-17 20:22:21,201 RW - vertex 28. Time : 0.000768184661865s
2017-09-17 20:22:21,201 RW - vertex 8. Time : 0.00112414360046s
2017-09-17 20:22:21,201 RW - vertex 35. Time : 0.00112509727478s
2017-09-17 20:22:21,201 RW - vertex 14. Time : 0.000797033309937s
2017-09-17 20:22:21,202 RW - vertex 53. Time : 0.000767946243286s
2017-09-17 20:22:21,202 RW - vertex 17. Time : 0.000813007354736s
2017-09-17 20:22:21,202 RW - vertex 5. Time : 0.00121378898621s
2017-09-17 20:22:21,202 RW - vertex 17. Time : 0.00115084648132s
2017-09-17 20:22:21,203 RW - vertex 33. Time : 0.000777006149292s
2017-09-17 20:22:21,203 RW - vertex 27. Time : 0.000814914703369s
2017-09-17 20:22:21,204 RW - vertex 64. Time : 0.000839948654175s
2017-09-17 20:22:21,204 RW - vertex 8. Time : 0.0011260509491s
2017-09-17 20:22:21,204 RW - vertex 43. Time : 0.00117707252502s
2017-09-17 20:22:21,204 RW - vertex 51. Time : 0.000787019729614s
2017-09-17 20:22:21,204 RW - vertex 1. Time : 0.000818014144897s
2017-09-17 20:22:21,205 RW - vertex 41. Time : 0.00081992149353s
2017-09-17 20:22:21,205 RW - vertex 3. Time : 0.00114011764526s
2017-09-17 20:22:21,205 RW - vertex 4. Time : 0.00113892555237s
2017-09-17 20:22:21,205 RW - vertex 58. Time : 0.000788927078247s
2017-09-17 20:22:21,206 RW - vertex 24. Time : 0.000808000564575s
2017-09-17 20:22:21,206 RW - vertex 31. Time : 0.00107192993164s
2017-09-17 20:22:21,206 RW - vertex 33. Time : 0.00112700462341s
2017-09-17 20:22:21,206 RW - vertex 8. Time : 0.00077486038208s
2017-09-17 20:22:21,207 RW - vertex 18. Time : 0.000833034515381s
2017-09-17 20:22:21,207 RW - vertex 11. Time : 0.00081205368042s
2017-09-17 20:22:21,207 RW - vertex 11. Time : 0.00106811523438s
2017-09-17 20:22:21,207 RW - vertex 2. Time : 0.00119805335999s
2017-09-17 20:22:21,207 RW - vertex 1. Time : 0.000787973403931s
2017-09-17 20:22:21,208 RW - vertex 21. Time : 0.000746011734009s
2017-09-17 20:22:21,208 RW - vertex 35. Time : 0.000739097595215s
2017-09-17 20:22:21,208 RW - vertex 19. Time : 0.00101494789124s
2017-09-17 20:22:21,208 RW - vertex 9. Time : 0.00105595588684s
2017-09-17 20:22:21,209 RW - vertex 17. Time : 0.000773906707764s
2017-09-17 20:22:21,209 RW - vertex 37. Time : 0.000761985778809s
2017-09-17 20:22:21,209 RW - vertex 51. Time : 0.00104999542236s
2017-09-17 20:22:21,209 RW - vertex 7. Time : 0.000767946243286s
2017-09-17 20:22:21,210 RW - vertex 32. Time : 0.00113201141357s
2017-09-17 20:22:21,210 RW - vertex 44. Time : 0.000823020935059s
2017-09-17 20:22:21,210 RW - vertex 38. Time : 0.00075101852417s
2017-09-17 20:22:21,211 RW - vertex 12. Time : 0.00123405456543s
2017-09-17 20:22:21,211 RW - vertex 33. Time : 0.00109815597534s
2017-09-17 20:22:21,211 RW - vertex 39. Time : 0.000820159912109s
2017-09-17 20:22:21,211 RW - vertex 15. Time : 0.00081992149353s
2017-09-17 20:22:21,212 RW - vertex 6. Time : 0.000762939453125s
2017-09-17 20:22:21,212 RW - vertex 48. Time : 0.00108003616333s
2017-09-17 20:22:21,212 RW - vertex 66. Time : 0.000832080841064s
2017-09-17 20:22:21,212 RW - vertex 21. Time : 0.00113296508789s
2017-09-17 20:22:21,213 RW - vertex 63. Time : 0.000753879547119s
2017-09-17 20:22:21,213 RW - vertex 67. Time : 0.000768899917603s
2017-09-17 20:22:21,213 RW - vertex 29. Time : 0.00113892555237s
2017-09-17 20:22:21,213 RW - vertex 10. Time : 0.00114512443542s
2017-09-17 20:22:21,213 RW - vertex 61. Time : 0.000787973403931s
2017-09-17 20:22:21,214 RW - vertex 25. Time : 0.000738143920898s
2017-09-17 20:22:21,214 RW - vertex 56. Time : 0.000771045684814s
2017-09-17 20:22:21,214 RW - vertex 64. Time : 0.00111198425293s
2017-09-17 20:22:21,214 RW - vertex 55. Time : 0.00107502937317s
2017-09-17 20:22:21,215 RW - vertex 30. Time : 0.000765800476074s
2017-09-17 20:22:21,215 RW - vertex 20. Time : 0.000787973403931s
2017-09-17 20:22:21,215 RW - vertex 27. Time : 0.000773906707764s
2017-09-17 20:22:21,216 RW - vertex 10. Time : 0.00100994110107s
2017-09-17 20:22:21,216 RW - vertex 68. Time : 0.000991106033325s
2017-09-17 20:22:21,216 RW - vertex 53. Time : 0.000753879547119s
2017-09-17 20:22:21,216 RW - vertex 41. Time : 0.000813961029053s
2017-09-17 20:22:21,217 RW - vertex 46. Time : 0.0010130405426s
2017-09-17 20:22:21,217 RW - vertex 22. Time : 0.000800132751465s
2017-09-17 20:22:21,217 RW - vertex 48. Time : 0.00114607810974s
2017-09-17 20:22:21,217 RW - vertex 59. Time : 0.000771045684814s
2017-09-17 20:22:21,218 RW - vertex 7. Time : 0.000811815261841s
2017-09-17 20:22:21,218 RW - vertex 63. Time : 0.000954151153564s
2017-09-17 20:22:21,218 RW - vertex 32. Time : 0.000833988189697s
2017-09-17 20:22:21,218 RW - vertex 15. Time : 0.00113201141357s
2017-09-17 20:22:21,219 RW - vertex 47. Time : 0.000818967819214s
2017-09-17 20:22:21,219 RW - vertex 55. Time : 0.00103187561035s
2017-09-17 20:22:21,219 RW - vertex 62. Time : 0.000777959823608s
2017-09-17 20:22:21,219 RW - vertex 34. Time : 0.0010461807251s
2017-09-17 20:22:21,219 RW - vertex 50. Time : 0.000777006149292s
2017-09-17 20:22:21,220 RW - vertex 35. Time : 0.000733137130737s
2017-09-17 20:22:21,220 RW - vertex 37. Time : 0.00100588798523s
2017-09-17 20:22:21,220 RW - vertex 52. Time : 0.00084114074707s
2017-09-17 20:22:21,220 RW - vertex 16. Time : 0.00109601020813s
2017-09-17 20:22:21,221 RW - vertex 14. Time : 0.00076699256897s
2017-09-17 20:22:21,221 RW - vertex 61. Time : 0.00104713439941s
2017-09-17 20:22:21,221 RW - vertex 62. Time : 0.000783920288086s
2017-09-17 20:22:21,221 RW - vertex 6. Time : 0.000817060470581s
2017-09-17 20:22:21,222 RW - vertex 14. Time : 0.00108695030212s
2017-09-17 20:22:21,222 RW - vertex 46. Time : 0.000785112380981s
2017-09-17 20:22:21,222 RW - vertex 60. Time : 0.00104093551636s
2017-09-17 20:22:21,222 RW - vertex 29. Time : 0.000799894332886s
2017-09-17 20:22:21,223 RW - vertex 17. Time : 0.00101590156555s
2017-09-17 20:22:21,223 RW - vertex 12. Time : 0.000843048095703s
2017-09-17 20:22:21,223 RW - vertex 38. Time : 0.00109100341797s
2017-09-17 20:22:21,223 RW - vertex 48. Time : 0.00078296661377s
2017-09-17 20:22:21,224 RW - vertex 26. Time : 0.000797033309937s
2017-09-17 20:22:21,224 RW - vertex 27. Time : 0.00106692314148s
2017-09-17 20:22:21,224 RW - vertex 40. Time : 0.000807046890259s
2017-09-17 20:22:21,224 RW - vertex 28. Time : 0.00100803375244s
2017-09-17 20:22:21,225 RW - vertex 51. Time : 0.00100898742676s
2017-09-17 20:22:21,225 RW - vertex 42. Time : 0.000792026519775s
2017-09-17 20:22:21,225 RW - vertex 60. Time : 0.000811815261841s
2017-09-17 20:22:21,226 RW - vertex 24. Time : 0.00109004974365s
2017-09-17 20:22:21,226 RW - vertex 25. Time : 0.000777959823608s
2017-09-17 20:22:21,226 RW - vertex 57. Time : 0.000749826431274s
2017-09-17 20:22:21,226 RW - vertex 41. Time : 0.00104689598083s
2017-09-17 20:22:21,227 RW - vertex 13. Time : 0.00080418586731s
2017-09-17 20:22:21,227 RW - vertex 16. Time : 0.00105404853821s
2017-09-17 20:22:21,227 RW - vertex 65. Time : 0.000795125961304s
2017-09-17 20:22:21,227 RW - vertex 24. Time : 0.00107884407043s
2017-09-17 20:22:21,228 RW - vertex 28. Time : 0.000839948654175s
2017-09-17 20:22:21,228 RW - vertex 56. Time : 0.000813961029053s
2017-09-17 20:22:21,228 RW - vertex 56. Time : 0.000916957855225s
2017-09-17 20:22:21,228 RW - vertex 18. Time : 0.000956058502197s
2017-09-17 20:22:21,228 RW - vertex 67. Time : 0.000752925872803s
2017-09-17 20:22:21,229 RW - vertex 63. Time : 0.000781059265137s
2017-09-17 20:22:21,229 RW - vertex 57. Time : 0.000942945480347s
2017-09-17 20:22:21,229 RW - vertex 23. Time : 0.000761032104492s
2017-09-17 20:22:21,229 RW - vertex 1. Time : 0.00097918510437s
2017-09-17 20:22:21,229 RW - vertex 50. Time : 0.000763893127441s
2017-09-17 20:22:21,230 RW - vertex 22. Time : 0.00102114677429s
2017-09-17 20:22:21,230 RW - vertex 64. Time : 0.000770807266235s
2017-09-17 20:22:21,230 RW - vertex 35. Time : 0.00101709365845s
2017-09-17 20:22:21,231 RW - vertex 40. Time : 0.000779151916504s
2017-09-17 20:22:21,231 RW - vertex 58. Time : 0.000982999801636s
2017-09-17 20:22:21,231 RW - vertex 37. Time : 0.000998973846436s
2017-09-17 20:22:21,232 RW - vertex 3. Time : 0.000806093215942s
2017-09-17 20:22:21,232 RW - vertex 30. Time : 0.0010199546814s
2017-09-17 20:22:21,233 RW - vertex 54. Time : 0.000772953033447s
2017-09-17 20:22:21,233 RW - vertex 44. Time : 0.00106000900269s
2017-09-17 20:22:21,233 RW - vertex 66. Time : 0.00104594230652s
2017-09-17 20:22:21,233 RW - vertex 60. Time : 0.000797986984253s
2017-09-17 20:22:21,234 RW - vertex 39. Time : 0.000947952270508s
2017-09-17 20:22:21,234 RW - vertex 4. Time : 0.00101399421692s
2017-09-17 20:22:21,234 RW - vertex 19. Time : 0.000820875167847s
2017-09-17 20:22:21,235 RW - vertex 6. Time : 0.00100803375244s
2017-09-17 20:22:21,235 RW - vertex 29. Time : 0.000794887542725s
2017-09-17 20:22:21,235 RW - vertex 54. Time : 0.000946044921875s
2017-09-17 20:22:21,235 RW - vertex 36. Time : 0.00091814994812s
2017-09-17 20:22:21,236 RW - vertex 63. Time : 0.000972986221313s
2017-09-17 20:22:21,236 RW - vertex 66. Time : 0.000777959823608s
2017-09-17 20:22:21,236 RW - vertex 30. Time : 0.000782012939453s
2017-09-17 20:22:21,236 Iteration 1 executed.
2017-09-17 20:22:21,236 RW - vertex 62. Time : 0.000974178314209s
2017-09-17 20:22:21,237 RW - vertex 61. Time : 0.000965118408203s
2017-09-17 20:22:21,237 RW - vertex 59. Time : 0.000746011734009s
2017-09-17 20:22:21,237 RW - vertex 1. Time : 0.000910043716431s
2017-09-17 20:22:21,238 RW - vertex 56. Time : 0.000953912734985s
2017-09-17 20:22:21,238 RW - vertex 11. Time : 0.000801086425781s
2017-09-17 20:22:21,238 RW - vertex 42. Time : 0.000955104827881s
2017-09-17 20:22:21,239 RW - vertex 45. Time : 0.000855922698975s
2017-09-17 20:22:21,239 RW - vertex 20. Time : 0.000946998596191s
2017-09-17 20:22:21,239 RW - vertex 36. Time : 0.000995874404907s
2017-09-17 20:22:21,240 RW - vertex 57. Time : 0.000823974609375s
2017-09-17 20:22:21,240 RW - vertex 53. Time : 0.000964879989624s
2017-09-17 20:22:21,241 RW - vertex 32. Time : 0.000974893569946s
2017-09-17 20:22:21,241 RW - vertex 49. Time : 0.000756978988647s
2017-09-17 20:22:21,241 RW - vertex 22. Time : 0.000984907150269s
2017-09-17 20:22:21,241 RW - vertex 58. Time : 0.00077486038208s
2017-09-17 20:22:21,242 RW - vertex 15. Time : 0.000921964645386s
2017-09-17 20:22:21,242 RW - vertex 36. Time : 0.000952959060669s
2017-09-17 20:22:21,242 RW - vertex 7. Time : 0.000895023345947s
2017-09-17 20:22:21,242 RW - vertex 38. Time : 0.000818014144897s
2017-09-17 20:22:21,242 RW - vertex 30. Time : 0.00079607963562s
2017-09-17 20:22:21,243 RW - vertex 26. Time : 0.00101399421692s
2017-09-17 20:22:21,243 Iteration 2 executed.
2017-09-17 20:22:21,243 RW - vertex 47. Time : 0.000932931900024s
2017-09-17 20:22:21,243 RW - vertex 65. Time : 0.00080394744873s
2017-09-17 20:22:21,243 RW - vertex 59. Time : 0.00079607963562s
2017-09-17 20:22:21,244 RW - vertex 59. Time : 0.000966787338257s
2017-09-17 20:22:21,244 RW - vertex 8. Time : 0.000742197036743s
2017-09-17 20:22:21,244 RW - vertex 50. Time : 0.000930070877075s
2017-09-17 20:22:21,244 RW - vertex 11. Time : 0.000770092010498s
2017-09-17 20:22:21,245 RW - vertex 23. Time : 0.000954151153564s
2017-09-17 20:22:21,245 RW - vertex 5. Time : 0.000798940658569s
2017-09-17 20:22:21,245 RW - vertex 45. Time : 0.000734090805054s
2017-09-17 20:22:21,245 RW - vertex 52. Time : 0.000931024551392s
2017-09-17 20:22:21,246 RW - vertex 43. Time : 0.000741958618164s
2017-09-17 20:22:21,246 RW - vertex 57. Time : 0.000730037689209s
2017-09-17 20:22:21,246 RW - vertex 49. Time : 0.000945091247559s
2017-09-17 20:22:21,246 RW - vertex 62. Time : 0.000962972640991s
2017-09-17 20:22:21,247 RW - vertex 4. Time : 0.00078296661377s
2017-09-17 20:22:21,247 RW - vertex 49. Time : 0.000797986984253s
2017-09-17 20:22:21,247 RW - vertex 25. Time : 0.000972032546997s
2017-09-17 20:22:21,247 RW - vertex 31. Time : 0.000808954238892s
2017-09-17 20:22:21,247 RW - vertex 58. Time : 0.000763893127441s
2017-09-17 20:22:21,248 RW - vertex 46. Time : 0.000980854034424s
2017-09-17 20:22:21,248 RW - vertex 21. Time : 0.000883102416992s
2017-09-17 20:22:21,248 RW - vertex 2. Time : 0.000757932662964s
2017-09-17 20:22:21,248 RW - vertex 38. Time : 0.000744104385376s
2017-09-17 20:22:21,248 RW - vertex 12. Time : 0.000860929489136s
2017-09-17 20:22:21,249 RW - vertex 9. Time : 0.000795125961304s
2017-09-17 20:22:21,249 RW - vertex 65. Time : 0.000740051269531s
2017-09-17 20:22:21,249 RW - vertex 26. Time : 0.000890970230103s
2017-09-17 20:22:21,250 RW - vertex 32. Time : 0.000795841217041s
2017-09-17 20:22:21,250 RW - vertex 8. Time : 0.000810861587524s
2017-09-17 20:22:21,250 RW - vertex 42. Time : 0.000866889953613s
2017-09-17 20:22:21,251 RW - vertex 33. Time : 0.000794887542725s
2017-09-17 20:22:21,251 RW - vertex 5. Time : 0.000779151916504s
2017-09-17 20:22:21,251 RW - vertex 25. Time : 0.00091290473938s
2017-09-17 20:22:21,252 RW - vertex 43. Time : 0.000832796096802s
2017-09-17 20:22:21,252 RW - vertex 21. Time : 0.00084114074707s
2017-09-17 20:22:21,252 RW - vertex 13. Time : 0.000935077667236s
2017-09-17 20:22:21,253 RW - vertex 4. Time : 0.000749111175537s
2017-09-17 20:22:21,253 RW - vertex 10. Time : 0.000746011734009s
2017-09-17 20:22:21,253 RW - vertex 28. Time : 0.000900983810425s
2017-09-17 20:22:21,253 RW - vertex 31. Time : 0.00075101852417s
2017-09-17 20:22:21,253 RW - vertex 55. Time : 0.00079083442688s
2017-09-17 20:22:21,254 RW - vertex 2. Time : 0.000772953033447s
2017-09-17 20:22:21,254 RW - vertex 67. Time : 0.000862836837769s
2017-09-17 20:22:21,254 RW - vertex 68. Time : 0.00086522102356s
2017-09-17 20:22:21,254 RW - vertex 36. Time : 0.000986099243164s
2017-09-17 20:22:21,255 RW - vertex 9. Time : 0.000784873962402s
2017-09-17 20:22:21,255 RW - vertex 48. Time : 0.00072193145752s
2017-09-17 20:22:21,255 RW - vertex 23. Time : 0.000799894332886s
2017-09-17 20:22:21,255 RW - vertex 30. Time : 0.000828981399536s
2017-09-17 20:22:21,256 RW - vertex 32. Time : 0.000797986984253s
2017-09-17 20:22:21,256 RW - vertex 15. Time : 0.000813961029053s
2017-09-17 20:22:21,256 RW - vertex 64. Time : 0.000759124755859s
2017-09-17 20:22:21,256 RW - vertex 59. Time : 0.000761032104492s
2017-09-17 20:22:21,256 Iteration 0 executed.
2017-09-17 20:22:21,257 RW - vertex 33. Time : 0.00074291229248s
2017-09-17 20:22:21,257 RW - vertex 34. Time : 0.000731945037842s
2017-09-17 20:22:21,257 RW - vertex 11. Time : 0.000727891921997s
2017-09-17 20:22:21,257 RW - vertex 40. Time : 0.000833034515381s
2017-09-17 20:22:21,258 RW - vertex 21. Time : 0.000767946243286s
2017-09-17 20:22:21,258 RW - vertex 16. Time : 0.000777006149292s
2017-09-17 20:22:21,258 RW - vertex 3. Time : 0.000780820846558s
2017-09-17 20:22:21,258 RW - vertex 45. Time : 0.000800848007202s
2017-09-17 20:22:21,258 RW - vertex 10. Time : 0.000832080841064s
2017-09-17 20:22:21,259 RW - vertex 14. Time : 0.000808954238892s
2017-09-17 20:22:21,259 RW - vertex 54. Time : 0.000771045684814s
2017-09-17 20:22:21,259 RW - vertex 57. Time : 0.000792026519775s
2017-09-17 20:22:21,259 RW - vertex 55. Time : 0.000782012939453s
2017-09-17 20:22:21,259 RW - vertex 17. Time : 0.000770092010498s
2017-09-17 20:22:21,259 RW - vertex 60. Time : 0.000741004943848s
2017-09-17 20:22:21,260 RW - vertex 49. Time : 0.000814914703369s
2017-09-17 20:22:21,260 RW - vertex 68. Time : 0.00079607963562s
2017-09-17 20:22:21,260 RW - vertex 19. Time : 0.000740051269531s
2017-09-17 20:22:21,260 RW - vertex 27. Time : 0.00080394744873s
2017-09-17 20:22:21,260 RW - vertex 58. Time : 0.000833988189697s
2017-09-17 20:22:21,261 RW - vertex 29. Time : 0.000710964202881s
2017-09-17 20:22:21,261 RW - vertex 48. Time : 0.000754117965698s
2017-09-17 20:22:21,261 RW - vertex 51. Time : 0.000746965408325s
2017-09-17 20:22:21,261 RW - vertex 38. Time : 0.000741004943848s
2017-09-17 20:22:21,262 RW - vertex 66. Time : 0.00077486038208s
2017-09-17 20:22:21,262 RW - vertex 15. Time : 0.000771999359131s
2017-09-17 20:22:21,262 RW - vertex 41. Time : 0.000814199447632s
2017-09-17 20:22:21,262 RW - vertex 65. Time : 0.000838994979858s
2017-09-17 20:22:21,263 RW - vertex 34. Time : 0.000765085220337s
2017-09-17 20:22:21,263 RW - vertex 24. Time : 0.000772953033447s
2017-09-17 20:22:21,263 RW - vertex 8. Time : 0.000800132751465s
2017-09-17 20:22:21,264 RW - vertex 16. Time : 0.000792026519775s
2017-09-17 20:22:21,264 RW - vertex 18. Time : 0.000795841217041s
2017-09-17 20:22:21,264 RW - vertex 5. Time : 0.000774145126343s
2017-09-17 20:22:21,264 RW - vertex 14. Time : 0.000756025314331s
2017-09-17 20:22:21,264 RW - vertex 1. Time : 0.000789165496826s
2017-09-17 20:22:21,265 RW - vertex 43. Time : 0.000752925872803s
2017-09-17 20:22:21,265 RW - vertex 17. Time : 0.000775814056396s
2017-09-17 20:22:21,265 RW - vertex 35. Time : 0.000762939453125s
2017-09-17 20:22:21,266 RW - vertex 4. Time : 0.000808954238892s
2017-09-17 20:22:21,266 RW - vertex 27. Time : 0.00082802772522s
2017-09-17 20:22:21,266 RW - vertex 37. Time : 0.000756978988647s
2017-09-17 20:22:21,266 RW - vertex 31. Time : 0.000816106796265s
2017-09-17 20:22:21,267 RW - vertex 51. Time : 0.000761032104492s
2017-09-17 20:22:21,267 RW - vertex 44. Time : 0.000786781311035s
2017-09-17 20:22:21,267 RW - vertex 2. Time : 0.000834941864014s
2017-09-17 20:22:21,268 RW - vertex 36. Time : 0.000813007354736s
2017-09-17 20:22:21,268 RW - vertex 41. Time : 0.000792980194092s
2017-09-17 20:22:21,268 RW - vertex 39. Time : 0.000797986984253s
2017-09-17 20:22:21,268 RW - vertex 9. Time : 0.000720024108887s
2017-09-17 20:22:21,269 RW - vertex 30. Time : 0.000808000564575s
2017-09-17 20:22:21,269 RW - vertex 24. Time : 0.000743865966797s
2017-09-17 20:22:21,269 RW - vertex 6. Time : 0.00071382522583s
2017-09-17 20:22:21,269 Iteration 3 executed.
2017-09-17 20:22:21,269 RW - vertex 32. Time : 0.000771999359131s
2017-09-17 20:22:21,269 RW - vertex 59. Time : 0.000799894332886s
2017-09-17 20:22:21,269 RW - vertex 18. Time : 0.000757932662964s
2017-09-17 20:22:21,270 RW - vertex 63. Time : 0.000808000564575s
2017-09-17 20:22:21,270 RW - vertex 33. Time : 0.000737905502319s
2017-09-17 20:22:21,270 RW - vertex 11. Time : 0.000794887542725s
2017-09-17 20:22:21,270 RW - vertex 61. Time : 0.000770092010498s
2017-09-17 20:22:21,270 RW - vertex 1. Time : 0.00088095664978s
2017-09-17 20:22:21,271 RW - vertex 21. Time : 0.000788927078247s
2017-09-17 20:22:21,271 RW - vertex 56. Time : 0.000689029693604s
2017-09-17 20:22:21,271 RW - vertex 45. Time : 0.000809192657471s
2017-09-17 20:22:21,271 RW - vertex 35. Time : 0.000797986984253s
2017-09-17 20:22:21,271 RW - vertex 10. Time : 0.000787973403931s
2017-09-17 20:22:21,272 RW - vertex 20. Time : 0.000791072845459s
2017-09-17 20:22:21,272 RW - vertex 57. Time : 0.000767946243286s
2017-09-17 20:22:21,272 RW - vertex 37. Time : 0.000765085220337s
2017-09-17 20:22:21,272 RW - vertex 55. Time : 0.000773191452026s
2017-09-17 20:22:21,273 RW - vertex 53. Time : 0.000748157501221s
2017-09-17 20:22:21,273 RW - vertex 49. Time : 0.000741958618164s
2017-09-17 20:22:21,273 RW - vertex 44. Time : 0.000748872756958s
2017-09-17 20:22:21,273 RW - vertex 68. Time : 0.00076699256897s
2017-09-17 20:22:21,274 RW - vertex 58. Time : 0.000771045684814s
2017-09-17 20:22:21,274 RW - vertex 22. Time : 0.000799894332886s
2017-09-17 20:22:21,274 RW - vertex 39. Time : 0.000807046890259s
2017-09-17 20:22:21,274 RW - vertex 48. Time : 0.000767946243286s
2017-09-17 20:22:21,274 RW - vertex 7. Time : 0.000759840011597s
2017-09-17 20:22:21,275 RW - vertex 38. Time : 0.000859975814819s
2017-09-17 20:22:21,275 RW - vertex 6. Time : 0.000772953033447s
2017-09-17 20:22:21,275 RW - vertex 15. Time : 0.000865936279297s
2017-09-17 20:22:21,275 RW - vertex 47. Time : 0.000791072845459s
2017-09-17 20:22:21,275 RW - vertex 65. Time : 0.000781059265137s
2017-09-17 20:22:21,276 RW - vertex 63. Time : 0.000832796096802s
2017-09-17 20:22:21,276 RW - vertex 34. Time : 0.000757932662964s
2017-09-17 20:22:21,276 RW - vertex 50. Time : 0.00075101852417s
2017-09-17 20:22:21,276 RW - vertex 8. Time : 0.000771045684814s
2017-09-17 20:22:21,276 RW - vertex 61. Time : 0.000761985778809s
2017-09-17 20:22:21,277 RW - vertex 16. Time : 0.000772953033447s
2017-09-17 20:22:21,277 RW - vertex 52. Time : 0.000766038894653s
2017-09-17 20:22:21,277 RW - vertex 5. Time : 0.000767946243286s
2017-09-17 20:22:21,277 RW - vertex 56. Time : 0.000728130340576s
2017-09-17 20:22:21,277 RW - vertex 14. Time : 0.000792026519775s
2017-09-17 20:22:21,278 RW - vertex 62. Time : 0.000792980194092s
2017-09-17 20:22:21,278 RW - vertex 43. Time : 0.000789165496826s
2017-09-17 20:22:21,278 RW - vertex 20. Time : 0.000770807266235s
2017-09-17 20:22:21,278 RW - vertex 17. Time : 0.000768899917603s
2017-09-17 20:22:21,279 RW - vertex 46. Time : 0.000815153121948s
2017-09-17 20:22:21,279 RW - vertex 4. Time : 0.000764846801758s
2017-09-17 20:22:21,279 RW - vertex 53. Time : 0.000799179077148s
2017-09-17 20:22:21,279 RW - vertex 27. Time : 0.000827074050903s
2017-09-17 20:22:21,280 RW - vertex 12. Time : 0.000761985778809s
2017-09-17 20:22:21,280 RW - vertex 31. Time : 0.000794887542725s
2017-09-17 20:22:21,280 RW - vertex 22. Time : 0.000761985778809s
2017-09-17 20:22:21,280 RW - vertex 51. Time : 0.000814914703369s
2017-09-17 20:22:21,280 RW - vertex 26. Time : 0.000782012939453s
2017-09-17 20:22:21,281 RW - vertex 2. Time : 0.000794887542725s
2017-09-17 20:22:21,281 RW - vertex 7. Time : 0.00084114074707s
2017-09-17 20:22:21,281 RW - vertex 41. Time : 0.000722169876099s
2017-09-17 20:22:21,281 RW - vertex 42. Time : 0.000765085220337s
2017-09-17 20:22:21,281 RW - vertex 9. Time : 0.000818967819214s
2017-09-17 20:22:21,281 RW - vertex 47. Time : 0.000802993774414s
2017-09-17 20:22:21,282 RW - vertex 24. Time : 0.000764846801758s
2017-09-17 20:22:21,282 RW - vertex 25. Time : 0.000746011734009s
2017-09-17 20:22:21,282 RW - vertex 32. Time : 0.000820159912109s
2017-09-17 20:22:21,282 RW - vertex 50. Time : 0.000797986984253s
2017-09-17 20:22:21,283 RW - vertex 18. Time : 0.00079607963562s
2017-09-17 20:22:21,283 RW - vertex 13. Time : 0.000781059265137s
2017-09-17 20:22:21,283 RW - vertex 33. Time : 0.000789165496826s
2017-09-17 20:22:21,283 RW - vertex 52. Time : 0.000746011734009s
2017-09-17 20:22:21,283 RW - vertex 1. Time : 0.000748157501221s
2017-09-17 20:22:21,284 RW - vertex 28. Time : 0.000761985778809s
2017-09-17 20:22:21,284 RW - vertex 21. Time : 0.000785827636719s
2017-09-17 20:22:21,284 RW - vertex 62. Time : 0.000790119171143s
2017-09-17 20:22:21,284 RW - vertex 35. Time : 0.000732183456421s
2017-09-17 20:22:21,285 RW - vertex 67. Time : 0.000777006149292s
2017-09-17 20:22:21,285 RW - vertex 10. Time : 0.000848054885864s
2017-09-17 20:22:21,285 RW - vertex 46. Time : 0.000833034515381s
2017-09-17 20:22:21,285 RW - vertex 37. Time : 0.000754117965698s
2017-09-17 20:22:21,285 RW - vertex 23. Time : 0.000740051269531s
2017-09-17 20:22:21,286 RW - vertex 55. Time : 0.000755071640015s
2017-09-17 20:22:21,286 RW - vertex 44. Time : 0.000752925872803s
2017-09-17 20:22:21,286 RW - vertex 12. Time : 0.000804901123047s
2017-09-17 20:22:21,286 RW - vertex 64. Time : 0.000783205032349s
2017-09-17 20:22:21,287 RW - vertex 68. Time : 0.000738859176636s
2017-09-17 20:22:21,287 RW - vertex 26. Time : 0.000772953033447s
2017-09-17 20:22:21,287 RW - vertex 39. Time : 0.000809192657471s
2017-09-17 20:22:21,287 RW - vertex 40. Time : 0.000743865966797s
2017-09-17 20:22:21,287 RW - vertex 48. Time : 0.000800132751465s
2017-09-17 20:22:21,287 RW - vertex 42. Time : 0.000801086425781s
2017-09-17 20:22:21,288 RW - vertex 6. Time : 0.000809907913208s
2017-09-17 20:22:21,288 RW - vertex 3. Time : 0.000741004943848s
2017-09-17 20:22:21,288 RW - vertex 15. Time : 0.000813007354736s
2017-09-17 20:22:21,288 RW - vertex 25. Time : 0.000802040100098s
2017-09-17 20:22:21,288 RW - vertex 63. Time : 0.000823020935059s
2017-09-17 20:22:21,289 RW - vertex 54. Time : 0.000811100006104s
2017-09-17 20:22:21,289 RW - vertex 13. Time : 0.000736951828003s
2017-09-17 20:22:21,289 RW - vertex 34. Time : 0.000824928283691s
2017-09-17 20:22:21,289 RW - vertex 61. Time : 0.000797033309937s
2017-09-17 20:22:21,290 RW - vertex 60. Time : 0.000777006149292s
2017-09-17 20:22:21,290 RW - vertex 16. Time : 0.000744104385376s
2017-09-17 20:22:21,290 RW - vertex 28. Time : 0.000756025314331s
2017-09-17 20:22:21,290 RW - vertex 56. Time : 0.000783920288086s
2017-09-17 20:22:21,290 RW - vertex 19. Time : 0.00084400177002s
2017-09-17 20:22:21,291 RW - vertex 67. Time : 0.000786066055298s
2017-09-17 20:22:21,291 RW - vertex 14. Time : 0.00080680847168s
2017-09-17 20:22:21,291 RW - vertex 20. Time : 0.000818967819214s
2017-09-17 20:22:21,291 RW - vertex 29. Time : 0.000808000564575s
2017-09-17 20:22:21,292 RW - vertex 23. Time : 0.000690937042236s
2017-09-17 20:22:21,292 RW - vertex 17. Time : 0.000770807266235s
2017-09-17 20:22:21,292 RW - vertex 53. Time : 0.000785112380981s
2017-09-17 20:22:21,292 RW - vertex 66. Time : 0.000767946243286s
2017-09-17 20:22:21,292 RW - vertex 64. Time : 0.000783920288086s
2017-09-17 20:22:21,293 RW - vertex 27. Time : 0.000774145126343s
2017-09-17 20:22:21,293 RW - vertex 22. Time : 0.00075101852417s
2017-09-17 20:22:21,293 RW - vertex 40. Time : 0.00074315071106s
2017-09-17 20:22:21,293 RW - vertex 51. Time : 0.000800848007202s
2017-09-17 20:22:21,294 RW - vertex 7. Time : 0.000802040100098s
2017-09-17 20:22:21,294 RW - vertex 3. Time : 0.000781059265137s
2017-09-17 20:22:21,294 RW - vertex 41. Time : 0.000746011734009s
2017-09-17 20:22:21,294 RW - vertex 47. Time : 0.000747919082642s
2017-09-17 20:22:21,295 RW - vertex 54. Time : 0.00076699256897s
2017-09-17 20:22:21,295 RW - vertex 24. Time : 0.000818014144897s
2017-09-17 20:22:21,295 RW - vertex 50. Time : 0.000787973403931s
2017-09-17 20:22:21,296 RW - vertex 60. Time : 0.000756025314331s
2017-09-17 20:22:21,296 RW - vertex 18. Time : 0.000751972198486s
2017-09-17 20:22:21,296 RW - vertex 52. Time : 0.000813961029053s
2017-09-17 20:22:21,297 RW - vertex 19. Time : 0.000700950622559s
2017-09-17 20:22:21,297 RW - vertex 1. Time : 0.000746965408325s
2017-09-17 20:22:21,297 RW - vertex 62. Time : 0.000770092010498s
2017-09-17 20:22:21,297 RW - vertex 36. Time : 0.000883102416992s
2017-09-17 20:22:21,297 RW - vertex 29. Time : 0.000792980194092s
2017-09-17 20:22:21,298 RW - vertex 35. Time : 0.000792026519775s
2017-09-17 20:22:21,298 RW - vertex 46. Time : 0.000753879547119s
2017-09-17 20:22:21,298 RW - vertex 66. Time : 0.000739812850952s
2017-09-17 20:22:21,298 RW - vertex 30. Time : 0.000771045684814s
2017-09-17 20:22:21,298 RW - vertex 37. Time : 0.000822067260742s
2017-09-17 20:22:21,299 RW - vertex 12. Time : 0.00079607963562s
2017-09-17 20:22:21,299 Iteration 4 executed.
2017-09-17 20:22:21,299 RW - vertex 59. Time : 0.000766038894653s
2017-09-17 20:22:21,299 RW - vertex 44. Time : 0.000782012939453s
2017-09-17 20:22:21,299 Iteration 5 executed.
2017-09-17 20:22:21,300 RW - vertex 26. Time : 0.000823974609375s
2017-09-17 20:22:21,300 RW - vertex 11. Time : 0.000838994979858s
2017-09-17 20:22:21,300 RW - vertex 39. Time : 0.000800848007202s
2017-09-17 20:22:21,300 RW - vertex 42. Time : 0.000791072845459s
2017-09-17 20:22:21,301 RW - vertex 45. Time : 0.000773906707764s
2017-09-17 20:22:21,301 RW - vertex 6. Time : 0.000775098800659s
2017-09-17 20:22:21,301 RW - vertex 25. Time : 0.000813007354736s
2017-09-17 20:22:21,302 RW - vertex 57. Time : 0.000793933868408s
2017-09-17 20:22:21,302 RW - vertex 63. Time : 0.000813007354736s
2017-09-17 20:22:21,302 RW - vertex 13. Time : 0.000791072845459s
2017-09-17 20:22:21,303 RW - vertex 49. Time : 0.00078296661377s
2017-09-17 20:22:21,303 RW - vertex 61. Time : 0.000761985778809s
2017-09-17 20:22:21,303 RW - vertex 28. Time : 0.000806093215942s
2017-09-17 20:22:21,303 RW - vertex 36. Time : 0.000773906707764s
2017-09-17 20:22:21,303 RW - vertex 58. Time : 0.000749826431274s
2017-09-17 20:22:21,304 RW - vertex 56. Time : 0.000760078430176s
2017-09-17 20:22:21,304 RW - vertex 67. Time : 0.000773906707764s
2017-09-17 20:22:21,304 RW - vertex 30. Time : 0.000787973403931s
2017-09-17 20:22:21,304 RW - vertex 38. Time : 0.000755786895752s
2017-09-17 20:22:21,304 RW - vertex 20. Time : 0.000717878341675s
2017-09-17 20:22:21,305 RW - vertex 23. Time : 0.000767946243286s
2017-09-17 20:22:21,305 RW - vertex 59. Time : 0.000765085220337s
2017-09-17 20:22:21,305 RW - vertex 65. Time : 0.000785112380981s
2017-09-17 20:22:21,305 RW - vertex 53. Time : 0.00081205368042s
2017-09-17 20:22:21,306 RW - vertex 64. Time : 0.000792980194092s
2017-09-17 20:22:21,306 RW - vertex 11. Time : 0.000820875167847s
2017-09-17 20:22:21,306 RW - vertex 8. Time : 0.000777006149292s
2017-09-17 20:22:21,306 RW - vertex 22. Time : 0.00078296661377s
2017-09-17 20:22:21,306 RW - vertex 40. Time : 0.00082802772522s
2017-09-17 20:22:21,307 RW - vertex 45. Time : 0.000850915908813s
2017-09-17 20:22:21,307 RW - vertex 5. Time : 0.000792026519775s
2017-09-17 20:22:21,307 RW - vertex 7. Time : 0.000754117965698s
2017-09-17 20:22:21,307 RW - vertex 3. Time : 0.000781059265137s
2017-09-17 20:22:21,308 RW - vertex 43. Time : 0.000727891921997s
2017-09-17 20:22:21,308 RW - vertex 57. Time : 0.000730991363525s
2017-09-17 20:22:21,308 RW - vertex 47. Time : 0.000776052474976s
2017-09-17 20:22:21,308 RW - vertex 54. Time : 0.000749826431274s
2017-09-17 20:22:21,308 RW - vertex 4. Time : 0.00075101852417s
2017-09-17 20:22:21,308 RW - vertex 49. Time : 0.00079607963562s
2017-09-17 20:22:21,309 RW - vertex 50. Time : 0.000785827636719s
2017-09-17 20:22:21,309 RW - vertex 60. Time : 0.000795125961304s
2017-09-17 20:22:21,309 RW - vertex 31. Time : 0.000804901123047s
2017-09-17 20:22:21,309 RW - vertex 58. Time : 0.000866889953613s
2017-09-17 20:22:21,310 RW - vertex 52. Time : 0.000840187072754s
2017-09-17 20:22:21,310 RW - vertex 19. Time : 0.000797033309937s
2017-09-17 20:22:21,310 RW - vertex 2. Time : 0.00078010559082s
2017-09-17 20:22:21,310 RW - vertex 38. Time : 0.000747919082642s
2017-09-17 20:22:21,310 RW - vertex 62. Time : 0.000739812850952s
2017-09-17 20:22:21,311 RW - vertex 29. Time : 0.000770092010498s
2017-09-17 20:22:21,311 RW - vertex 9. Time : 0.000801086425781s
2017-09-17 20:22:21,311 RW - vertex 65. Time : 0.000748157501221s
2017-09-17 20:22:21,311 RW - vertex 46. Time : 0.000715970993042s
2017-09-17 20:22:21,311 RW - vertex 66. Time : 0.000768899917603s
2017-09-17 20:22:21,312 RW - vertex 32. Time : 0.000792980194092s
2017-09-17 20:22:21,312 RW - vertex 8. Time : 0.000777006149292s
2017-09-17 20:22:21,312 RW - vertex 12. Time : 0.00074291229248s
2017-09-17 20:22:21,312 Iteration 6 executed.
2017-09-17 20:22:21,313 RW - vertex 5. Time : 0.00078296661377s
2017-09-17 20:22:21,313 RW - vertex 33. Time : 0.000813007354736s
2017-09-17 20:22:21,313 RW - vertex 26. Time : 0.000750780105591s
2017-09-17 20:22:21,314 RW - vertex 43. Time : 0.000771045684814s
2017-09-17 20:22:21,314 RW - vertex 21. Time : 0.000768899917603s
2017-09-17 20:22:21,314 RW - vertex 42. Time : 0.000775098800659s
2017-09-17 20:22:21,314 RW - vertex 10. Time : 0.000808000564575s
2017-09-17 20:22:21,314 RW - vertex 25. Time : 0.000753879547119s
2017-09-17 20:22:21,314 RW - vertex 4. Time : 0.000860929489136s
2017-09-17 20:22:21,315 RW - vertex 13. Time : 0.000759124755859s
2017-09-17 20:22:21,315 RW - vertex 55. Time : 0.000786066055298s
2017-09-17 20:22:21,315 RW - vertex 31. Time : 0.000792980194092s
2017-09-17 20:22:21,316 RW - vertex 68. Time : 0.000759840011597s
2017-09-17 20:22:21,316 RW - vertex 28. Time : 0.000814914703369s
2017-09-17 20:22:21,316 RW - vertex 2. Time : 0.000814914703369s
2017-09-17 20:22:21,317 RW - vertex 48. Time : 0.000765085220337s
2017-09-17 20:22:21,317 RW - vertex 67. Time : 0.000728130340576s
2017-09-17 20:22:21,317 RW - vertex 9. Time : 0.000808000564575s
2017-09-17 20:22:21,318 RW - vertex 23. Time : 0.000736951828003s
2017-09-17 20:22:21,318 RW - vertex 15. Time : 0.000789880752563s
2017-09-17 20:22:21,318 RW - vertex 32. Time : 0.000775098800659s
2017-09-17 20:22:21,319 RW - vertex 64. Time : 0.000831842422485s
2017-09-17 20:22:21,319 RW - vertex 34. Time : 0.00079607963562s
2017-09-17 20:22:21,319 RW - vertex 33. Time : 0.000763893127441s
2017-09-17 20:22:21,319 RW - vertex 40. Time : 0.00076699256897s
2017-09-17 20:22:21,319 RW - vertex 16. Time : 0.000789880752563s
2017-09-17 20:22:21,320 RW - vertex 21. Time : 0.000830173492432s
2017-09-17 20:22:21,320 RW - vertex 3. Time : 0.000772953033447s
2017-09-17 20:22:21,320 RW - vertex 14. Time : 0.000818967819214s
2017-09-17 20:22:21,320 RW - vertex 10. Time : 0.000781059265137s
2017-09-17 20:22:21,321 RW - vertex 54. Time : 0.00079083442688s
2017-09-17 20:22:21,321 RW - vertex 17. Time : 0.000811100006104s
2017-09-17 20:22:21,321 RW - vertex 55. Time : 0.000759840011597s
2017-09-17 20:22:21,322 RW - vertex 60. Time : 0.000742197036743s
2017-09-17 20:22:21,322 RW - vertex 27. Time : 0.000813961029053s
2017-09-17 20:22:21,322 RW - vertex 68. Time : 0.000849962234497s
2017-09-17 20:22:21,323 RW - vertex 19. Time : 0.000792980194092s
2017-09-17 20:22:21,323 RW - vertex 51. Time : 0.00078296661377s
2017-09-17 20:22:21,323 RW - vertex 48. Time : 0.00072193145752s
2017-09-17 20:22:21,324 RW - vertex 29. Time : 0.000814914703369s
2017-09-17 20:22:21,324 RW - vertex 41. Time : 0.000764131546021s
2017-09-17 20:22:21,324 RW - vertex 15. Time : 0.000787973403931s
2017-09-17 20:22:21,324 RW - vertex 66. Time : 0.000726938247681s
2017-09-17 20:22:21,325 RW - vertex 24. Time : 0.000792980194092s
2017-09-17 20:22:21,325 RW - vertex 34. Time : 0.000807046890259s
2017-09-17 20:22:21,325 RW - vertex 18. Time : 0.000730991363525s
2017-09-17 20:22:21,325 Iteration 7 executed.
2017-09-17 20:22:21,326 RW - vertex 16. Time : 0.000779867172241s
2017-09-17 20:22:21,326 RW - vertex 1. Time : 0.000787019729614s
2017-09-17 20:22:21,326 RW - vertex 14. Time : 0.000777006149292s
2017-09-17 20:22:21,327 RW - vertex 35. Time : 0.000797986984253s
2017-09-17 20:22:21,327 RW - vertex 17. Time : 0.000779151916504s
2017-09-17 20:22:21,328 RW - vertex 37. Time : 0.000762939453125s
2017-09-17 20:22:21,328 RW - vertex 27. Time : 0.000808954238892s
2017-09-17 20:22:21,329 RW - vertex 44. Time : 0.00076699256897s
2017-09-17 20:22:21,329 RW - vertex 51. Time : 0.000771999359131s
2017-09-17 20:22:21,330 RW - vertex 39. Time : 0.00075888633728s
2017-09-17 20:22:21,330 RW - vertex 41. Time : 0.000767946243286s
2017-09-17 20:22:21,331 RW - vertex 6. Time : 0.000771999359131s
2017-09-17 20:22:21,331 RW - vertex 24. Time : 0.000816106796265s
2017-09-17 20:22:21,331 RW - vertex 63. Time : 0.000785827636719s
2017-09-17 20:22:21,332 RW - vertex 18. Time : 0.000759840011597s
2017-09-17 20:22:21,332 RW - vertex 61. Time : 0.000802040100098s
2017-09-17 20:22:21,332 RW - vertex 1. Time : 0.000735998153687s
2017-09-17 20:22:21,333 RW - vertex 56. Time : 0.000761985778809s
2017-09-17 20:22:21,333 RW - vertex 35. Time : 0.000734090805054s
2017-09-17 20:22:21,334 RW - vertex 20. Time : 0.000743865966797s
2017-09-17 20:22:21,334 RW - vertex 37. Time : 0.00079083442688s
2017-09-17 20:22:21,335 RW - vertex 53. Time : 0.000784158706665s
2017-09-17 20:22:21,335 RW - vertex 44. Time : 0.000869989395142s
2017-09-17 20:22:21,336 RW - vertex 22. Time : 0.000814914703369s
2017-09-17 20:22:21,336 RW - vertex 39. Time : 0.00084400177002s
2017-09-17 20:22:21,336 RW - vertex 7. Time : 0.000777006149292s
2017-09-17 20:22:21,337 RW - vertex 6. Time : 0.000730991363525s
2017-09-17 20:22:21,337 RW - vertex 47. Time : 0.000756025314331s
2017-09-17 20:22:21,338 RW - vertex 63. Time : 0.000792980194092s
2017-09-17 20:22:21,338 RW - vertex 50. Time : 0.000828981399536s
2017-09-17 20:22:21,338 RW - vertex 61. Time : 0.000832796096802s
2017-09-17 20:22:21,339 RW - vertex 52. Time : 0.00075101852417s
2017-09-17 20:22:21,339 RW - vertex 56. Time : 0.000764846801758s
2017-09-17 20:22:21,340 RW - vertex 62. Time : 0.000824928283691s
2017-09-17 20:22:21,340 RW - vertex 20. Time : 0.000791072845459s
2017-09-17 20:22:21,341 RW - vertex 46. Time : 0.000807046890259s
2017-09-17 20:22:21,341 RW - vertex 53. Time : 0.000786066055298s
2017-09-17 20:22:21,342 RW - vertex 12. Time : 0.000753879547119s
2017-09-17 20:22:21,342 RW - vertex 22. Time : 0.000742197036743s
2017-09-17 20:22:21,342 RW - vertex 26. Time : 0.000795125961304s
2017-09-17 20:22:21,343 RW - vertex 7. Time : 0.000768184661865s
2017-09-17 20:22:21,343 RW - vertex 42. Time : 0.000807046890259s
2017-09-17 20:22:21,343 RW - vertex 47. Time : 0.000791072845459s
2017-09-17 20:22:21,344 RW - vertex 25. Time : 0.000774145126343s
2017-09-17 20:22:21,344 RW - vertex 50. Time : 0.000783920288086s
2017-09-17 20:22:21,345 RW - vertex 13. Time : 0.00080680847168s
2017-09-17 20:22:21,345 RW - vertex 52. Time : 0.000763893127441s
2017-09-17 20:22:21,346 RW - vertex 28. Time : 0.000797033309937s
2017-09-17 20:22:21,346 RW - vertex 62. Time : 0.000787973403931s
2017-09-17 20:22:21,347 RW - vertex 67. Time : 0.000801086425781s
2017-09-17 20:22:21,347 RW - vertex 46. Time : 0.00075101852417s
2017-09-17 20:22:21,348 RW - vertex 23. Time : 0.000777006149292s
2017-09-17 20:22:21,348 RW - vertex 12. Time : 0.000757932662964s
2017-09-17 20:22:21,348 RW - vertex 64. Time : 0.000747919082642s
2017-09-17 20:22:21,348 RW - vertex 26. Time : 0.000809192657471s
2017-09-17 20:22:21,349 RW - vertex 40. Time : 0.000764846801758s
2017-09-17 20:22:21,349 RW - vertex 42. Time : 0.000746011734009s
2017-09-17 20:22:21,350 RW - vertex 3. Time : 0.000760078430176s
2017-09-17 20:22:21,350 RW - vertex 25. Time : 0.000772953033447s
2017-09-17 20:22:21,351 RW - vertex 54. Time : 0.00079083442688s
2017-09-17 20:22:21,351 RW - vertex 13. Time : 0.000838994979858s
2017-09-17 20:22:21,352 RW - vertex 60. Time : 0.00080680847168s
2017-09-17 20:22:21,352 RW - vertex 28. Time : 0.000792026519775s
2017-09-17 20:22:21,353 RW - vertex 19. Time : 0.000778198242188s
2017-09-17 20:22:21,353 RW - vertex 67. Time : 0.00078296661377s
2017-09-17 20:22:21,353 RW - vertex 29. Time : 0.000715970993042s
2017-09-17 20:22:21,354 RW - vertex 23. Time : 0.000776052474976s
2017-09-17 20:22:21,354 RW - vertex 66. Time : 0.000850915908813s
2017-09-17 20:22:21,354 RW - vertex 64. Time : 0.00075101852417s
2017-09-17 20:22:21,355 Iteration 8 executed.
2017-09-17 20:22:21,355 RW - vertex 40. Time : 0.00081992149353s
2017-09-17 20:22:21,356 RW - vertex 3. Time : 0.00078296661377s
2017-09-17 20:22:21,357 RW - vertex 54. Time : 0.00082802772522s
2017-09-17 20:22:21,358 RW - vertex 60. Time : 0.000818014144897s
2017-09-17 20:22:21,359 RW - vertex 19. Time : 0.000804901123047s
2017-09-17 20:22:21,360 RW - vertex 29. Time : 0.000833988189697s
2017-09-17 20:22:21,361 RW - vertex 66. Time : 0.000789880752563s
2017-09-17 20:22:21,361 Iteration 9 executed.
2017-09-17 20:22:21,369 RWs created. Time: 0.00402893622716m
2017-09-17 20:22:21,369 Saving Random Walks on disk...
2017-09-17 20:22:21,388 Initializing creation of the representations...
2017-09-17 20:22:21,388 Fast version of gensim.models.word2vec is being used
2017-09-17 20:22:21,388 collecting all words and their counts
2017-09-17 20:22:21,389 PROGRESS: at sentence #0, processed 0 words, keeping 0 word types
2017-09-17 20:22:21,403 collected 68 word types from a corpus of 54400 raw words and 680 sentences
2017-09-17 20:22:21,403 Loading a fresh vocabulary
2017-09-17 20:22:21,404 min_count=0 retains 68 unique words (100% of original 68, drops 0)
2017-09-17 20:22:21,404 min_count=0 leaves 54400 word corpus (100% of original 54400, drops 0)
2017-09-17 20:22:21,404 deleting the raw counts dictionary of 68 items
2017-09-17 20:22:21,404 sample=0.001 downsamples 68 most-common words
2017-09-17 20:22:21,404 downsampling leaves estimated 17525 word corpus (32.2% of prior 54400)
2017-09-17 20:22:21,405 estimated required memory for 68 words and 128 dimensions: 152048 bytes
2017-09-17 20:22:21,405 constructing a huffman tree from 68 words
2017-09-17 20:22:21,406 built huffman tree with maximum node depth 8
2017-09-17 20:22:21,407 resetting layer weights
2017-09-17 20:22:21,408 training model with 4 workers on 68 vocabulary and 128 features, using sg=1 hs=1 sample=0.001 negative=5 window=10
2017-09-17 20:22:21,414 queueing job #0 (10000 words, 125 sentences) at alpha 0.02500
2017-09-17 20:22:21,425 queueing job #1 (10000 words, 125 sentences) at alpha 0.02408
2017-09-17 20:22:21,436 queueing job #2 (10000 words, 125 sentences) at alpha 0.02317
2017-09-17 20:22:21,446 queueing job #3 (10000 words, 125 sentences) at alpha 0.02225
2017-09-17 20:22:21,455 queueing job #4 (10000 words, 125 sentences) at alpha 0.02134
2017-09-17 20:22:21,458 queueing job #5 (10000 words, 125 sentences) at alpha 0.02042
2017-09-17 20:22:21,461 queueing job #6 (10000 words, 125 sentences) at alpha 0.01951
2017-09-17 20:22:21,463 queueing job #7 (10000 words, 125 sentences) at alpha 0.01859
2017-09-17 20:22:21,466 queueing job #8 (10000 words, 125 sentences) at alpha 0.01768
2017-09-17 20:22:21,469 queueing job #9 (10000 words, 125 sentences) at alpha 0.01676
2017-09-17 20:22:21,471 queueing job #10 (10000 words, 125 sentences) at alpha 0.01585
2017-09-17 20:22:21,474 queueing job #11 (10000 words, 125 sentences) at alpha 0.01493
2017-09-17 20:22:21,476 queueing job #12 (10000 words, 125 sentences) at alpha 0.01401
2017-09-17 20:22:21,557 queueing job #13 (10000 words, 125 sentences) at alpha 0.01310
2017-09-17 20:22:21,580 queueing job #14 (10000 words, 125 sentences) at alpha 0.01218
2017-09-17 20:22:21,581 queueing job #15 (10000 words, 125 sentences) at alpha 0.01127
2017-09-17 20:22:21,598 queueing job #16 (10000 words, 125 sentences) at alpha 0.01035
2017-09-17 20:22:21,664 queueing job #17 (10000 words, 125 sentences) at alpha 0.00944
2017-09-17 20:22:21,688 queueing job #18 (10000 words, 125 sentences) at alpha 0.00852
2017-09-17 20:22:21,694 queueing job #19 (10000 words, 125 sentences) at alpha 0.00761
2017-09-17 20:22:21,706 queueing job #20 (10000 words, 125 sentences) at alpha 0.00669
2017-09-17 20:22:21,778 queueing job #21 (10000 words, 125 sentences) at alpha 0.00578
2017-09-17 20:22:21,785 queueing job #22 (10000 words, 125 sentences) at alpha 0.00486
2017-09-17 20:22:21,790 queueing job #23 (10000 words, 125 sentences) at alpha 0.00394
2017-09-17 20:22:21,801 queueing job #24 (10000 words, 125 sentences) at alpha 0.00303
2017-09-17 20:22:21,867 queueing job #25 (10000 words, 125 sentences) at alpha 0.00211
2017-09-17 20:22:21,881 queueing job #26 (10000 words, 125 sentences) at alpha 0.00120
2017-09-17 20:22:21,895 queueing job #27 (2000 words, 25 sentences) at alpha 0.00028
2017-09-17 20:22:22,023 job loop exiting, total 28 jobs
2017-09-17 20:22:22,106 worker exiting, processed 7 jobs
2017-09-17 20:22:22,106 worker thread finished; awaiting finish of 3 more threads
2017-09-17 20:22:22,116 worker exiting, processed 7 jobs
2017-09-17 20:22:22,116 worker thread finished; awaiting finish of 2 more threads
2017-09-17 20:22:22,125 worker exiting, processed 7 jobs
2017-09-17 20:22:22,125 worker thread finished; awaiting finish of 1 more threads
2017-09-17 20:22:22,138 worker exiting, processed 7 jobs
2017-09-17 20:22:22,138 worker thread finished; awaiting finish of 0 more threads
2017-09-17 20:22:22,138 training on 272000 raw words (87326 effective words) took 0.7s, 119985 effective words/s
2017-09-17 20:22:22,138 under 10 jobs per worker: consider setting a smaller `batch_words' for smoother alpha decay
2017-09-17 20:22:22,138 storing 68x128 projection weights into emb/km.emb
2017-09-17 20:22:22,144 Representations created.
